<?xml version="1.0" encoding="UTF-8"?>
<!-- Generated by org.testng.reporters.JUnitReportReporter -->
<testsuite hostname="IN-PPM108528" failures="0" tests="1" name="SMAT.AGR_ExtentReports.ExtentReprotsDemo" time="15.522" errors="0" timestamp="24 Sep 2023 16:12:18 GMT" skipped="0">
  <testcase classname="SMAT.AGR_ExtentReports.ExtentReprotsDemo" name="initialDemo" time="15.522"/>
</testsuite> <!-- SMAT.AGR_ExtentReports.ExtentReprotsDemo -->
